[corgiserver] project <doc> started
[corgiserver] project <ROOT> started
[corgiserver] scan packet G:/nodejs/corgiserver/webapps/test/WEBINF/src/base/controller.js
[corgiserver] scan packet G:/nodejs/corgiserver/webapps/test/WEBINF/src/base/ctrl.js
[corgiserver] scan packet G:/nodejs/corgiserver/webapps/test/WEBINF/src/base/filter.js
[corgiserver] scan packet G:/nodejs/corgiserver/webapps/test/WEBINF/src/dao.js
[corgiserver] scan packet G:/nodejs/corgiserver/webapps/test/WEBINF/src/macro.js
[corgiserver] scan packet G:/nodejs/corgiserver/webapps/test/WEBINF/src/table/table.js
[corgiserver] scan packet G:/nodejs/corgiserver/webapps/test/WEBINF/src/test.js
[corgiserver] scan packet G:/nodejs/corgiserver/webapps/test/WEBINF/src/test2.js
[corgiserver] project <doc> started
[corgiserver] project <ROOT> started
[corgiserver] scan packet G:/nodejs/corgiserver/webapps/test/WEBINF/src/base/controller.js
[corgiserver] scan packet G:/nodejs/corgiserver/webapps/test/WEBINF/src/base/ctrl.js
[corgiserver] scan packet G:/nodejs/corgiserver/webapps/test/WEBINF/src/base/filter.js
[corgiserver] scan packet G:/nodejs/corgiserver/webapps/test/WEBINF/src/dao.js
[corgiserver] scan packet G:/nodejs/corgiserver/webapps/test/WEBINF/src/macro.js
[corgiserver] scan packet G:/nodejs/corgiserver/webapps/test/WEBINF/src/table/table.js
[corgiserver] scan packet G:/nodejs/corgiserver/webapps/test/WEBINF/src/test.js
[corgiserver] scan packet G:/nodejs/corgiserver/webapps/test/WEBINF/src/test2.js
[corgiserver] project <test> started
[corgiserver] scan packet G:/nodejs/corgiserver/webapps/todo/WEBINF/src/controller.js
[corgiserver] scan packet G:/nodejs/corgiserver/webapps/todo/WEBINF/src/filter.js
[corgiserver] scan packet G:/nodejs/corgiserver/webapps/todo/WEBINF/src/table.js
[corgiserver] project <todo> started
[corgiserver] server started,port:8080
[corgiserver] project <doc> started
[corgiserver] project <ROOT> started
[corgiserver] scan packet G:/nodejs/corgiserver/webapps/test/WEBINF/src/base/controller.js
[corgiserver] scan packet G:/nodejs/corgiserver/webapps/test/WEBINF/src/base/ctrl.js
[corgiserver] scan packet G:/nodejs/corgiserver/webapps/test/WEBINF/src/base/filter.js
[corgiserver] scan packet G:/nodejs/corgiserver/webapps/test/WEBINF/src/dao.js
[corgiserver] scan packet G:/nodejs/corgiserver/webapps/test/WEBINF/src/macro.js
[corgiserver] scan packet G:/nodejs/corgiserver/webapps/test/WEBINF/src/table/table.js
[corgiserver] scan packet G:/nodejs/corgiserver/webapps/test/WEBINF/src/test.js
[corgiserver] scan packet G:/nodejs/corgiserver/webapps/test/WEBINF/src/test2.js
[corgiserver] project <test> started
[corgiserver] scan packet G:/nodejs/corgiserver/webapps/todo/WEBINF/src/controller.js
[corgiserver] scan packet G:/nodejs/corgiserver/webapps/todo/WEBINF/src/filter.js
[corgiserver] scan packet G:/nodejs/corgiserver/webapps/todo/WEBINF/src/table.js
[corgiserver] project <todo> started
[corgiserver] server started,port:8080
[corgiserver] project <doc> started
[corgiserver] project <ROOT> started
[corgiserver] scan packet G:/nodejs/corgiserver/webapps/test/WEBINF/src/base/controller.js
[corgiserver] scan packet G:/nodejs/corgiserver/webapps/test/WEBINF/src/base/ctrl.js
[corgiserver] scan packet G:/nodejs/corgiserver/webapps/test/WEBINF/src/base/filter.js
[corgiserver] scan packet G:/nodejs/corgiserver/webapps/test/WEBINF/src/dao.js
[corgiserver] scan packet G:/nodejs/corgiserver/webapps/test/WEBINF/src/macro.js
[corgiserver] scan packet G:/nodejs/corgiserver/webapps/test/WEBINF/src/table/table.js
[corgiserver] scan packet G:/nodejs/corgiserver/webapps/test/WEBINF/src/test.js
[corgiserver] scan packet G:/nodejs/corgiserver/webapps/test/WEBINF/src/test2.js
[corgiserver] project <test> started
[corgiserver] scan packet G:/nodejs/corgiserver/webapps/todo/WEBINF/src/controller.js
[corgiserver] scan packet G:/nodejs/corgiserver/webapps/todo/WEBINF/src/filter.js
[corgiserver] scan packet G:/nodejs/corgiserver/webapps/todo/WEBINF/src/table.js
[corgiserver] project <todo> started
[corgiserver] server started,port:8080
[corgiserver] project <doc> started
[corgiserver] project <ROOT> started
[corgiserver] scan packet G:/nodejs/corgiserver/webapps/test/WEBINF/src/base/controller.js
[corgiserver] scan packet G:/nodejs/corgiserver/webapps/test/WEBINF/src/base/ctrl.js
[corgiserver] scan packet G:/nodejs/corgiserver/webapps/test/WEBINF/src/base/filter.js
[corgiserver] scan packet G:/nodejs/corgiserver/webapps/test/WEBINF/src/dao.js
[corgiserver] scan packet G:/nodejs/corgiserver/webapps/test/WEBINF/src/macro.js
[corgiserver] scan packet G:/nodejs/corgiserver/webapps/test/WEBINF/src/table/table.js
[corgiserver] scan packet G:/nodejs/corgiserver/webapps/test/WEBINF/src/test.js
[corgiserver] scan packet G:/nodejs/corgiserver/webapps/test/WEBINF/src/test2.js
[corgiserver] project <test> started
[corgiserver] scan packet G:/nodejs/corgiserver/webapps/todo/WEBINF/src/controller.js
[corgiserver] scan packet G:/nodejs/corgiserver/webapps/todo/WEBINF/src/filter.js
[corgiserver] scan packet G:/nodejs/corgiserver/webapps/todo/WEBINF/src/table.js
[corgiserver] project <todo> started
[corgiserver] server started,port:8080
[corgiserver] project <doc> started
[corgiserver] project <ROOT> started
[corgiserver] scan packet G:/nodejs/corgiserver/webapps/test/WEBINF/src/base/controller.js
[corgiserver] scan packet G:/nodejs/corgiserver/webapps/test/WEBINF/src/base/ctrl.js
[corgiserver] scan packet G:/nodejs/corgiserver/webapps/test/WEBINF/src/base/filter.js
[corgiserver] scan packet G:/nodejs/corgiserver/webapps/test/WEBINF/src/dao.js
[corgiserver] scan packet G:/nodejs/corgiserver/webapps/test/WEBINF/src/macro.js
[corgiserver] scan packet G:/nodejs/corgiserver/webapps/test/WEBINF/src/table/table.js
[corgiserver] scan packet G:/nodejs/corgiserver/webapps/test/WEBINF/src/test.js
[corgiserver] scan packet G:/nodejs/corgiserver/webapps/test/WEBINF/src/test2.js
[corgiserver] project <test> started
[corgiserver] scan packet G:/nodejs/corgiserver/webapps/todo/WEBINF/src/controller.js
[corgiserver] scan packet G:/nodejs/corgiserver/webapps/todo/WEBINF/src/filter.js
[corgiserver] scan packet G:/nodejs/corgiserver/webapps/todo/WEBINF/src/table.js
[corgiserver] project <todo> started
[corgiserver] server started,port:8080
[corgiserver] project <doc> started
[corgiserver] project <ROOT> started
[corgiserver] scan packet G:/nodejs/corgiserver/webapps/test/WEBINF/src/base/controller.js
[corgiserver] scan packet G:/nodejs/corgiserver/webapps/test/WEBINF/src/base/ctrl.js
[corgiserver] scan packet G:/nodejs/corgiserver/webapps/test/WEBINF/src/base/filter.js
[corgiserver] scan packet G:/nodejs/corgiserver/webapps/test/WEBINF/src/dao.js
[corgiserver] scan packet G:/nodejs/corgiserver/webapps/test/WEBINF/src/macro.js
[corgiserver] scan packet G:/nodejs/corgiserver/webapps/test/WEBINF/src/table/table.js
[corgiserver] scan packet G:/nodejs/corgiserver/webapps/test/WEBINF/src/test.js
[corgiserver] scan packet G:/nodejs/corgiserver/webapps/test/WEBINF/src/test2.js
[corgiserver] project <test> started
[corgiserver] scan packet G:/nodejs/corgiserver/webapps/todo/WEBINF/src/controller.js
[corgiserver] scan packet G:/nodejs/corgiserver/webapps/todo/WEBINF/src/filter.js
[corgiserver] scan packet G:/nodejs/corgiserver/webapps/todo/WEBINF/src/table.js
[corgiserver] project <todo> started
[corgiserver] server started,port:8080
[corgiserver] project <doc> started
[corgiserver] project <ROOT> started
[corgiserver] scan packet G:/nodejs/corgiserver/webapps/test/WEBINF/src/base/controller.js
[corgiserver] scan packet G:/nodejs/corgiserver/webapps/test/WEBINF/src/base/ctrl.js
[corgiserver] scan packet G:/nodejs/corgiserver/webapps/test/WEBINF/src/base/filter.js
[corgiserver] scan packet G:/nodejs/corgiserver/webapps/test/WEBINF/src/dao.js
[corgiserver] scan packet G:/nodejs/corgiserver/webapps/test/WEBINF/src/macro.js
[corgiserver] scan packet G:/nodejs/corgiserver/webapps/test/WEBINF/src/table/table.js
[corgiserver] scan packet G:/nodejs/corgiserver/webapps/test/WEBINF/src/test.js
[corgiserver] scan packet G:/nodejs/corgiserver/webapps/test/WEBINF/src/test2.js
[corgiserver] project <test> started
[corgiserver] scan packet G:/nodejs/corgiserver/webapps/todo/WEBINF/src/controller.js
[corgiserver] scan packet G:/nodejs/corgiserver/webapps/todo/WEBINF/src/filter.js
[corgiserver] scan packet G:/nodejs/corgiserver/webapps/todo/WEBINF/src/table.js
[corgiserver] project <todo> started
[corgiserver] scan packet G:/blog/blog/WEBINF/src/controller.js
[corgiserver] scan packet G:/blog/blog/WEBINF/src/model.js
[corgiserver] project <blog> started
[corgiserver] server started,port:8080
[corgiserver] project <doc> started
[corgiserver] project <ROOT> started
[corgiserver] scan packet G:/nodejs/corgiserver/webapps/test/WEBINF/src/base/controller.js
[corgiserver] scan packet G:/nodejs/corgiserver/webapps/test/WEBINF/src/base/ctrl.js
[corgiserver] scan packet G:/nodejs/corgiserver/webapps/test/WEBINF/src/base/filter.js
[corgiserver] scan packet G:/nodejs/corgiserver/webapps/test/WEBINF/src/dao.js
[corgiserver] scan packet G:/nodejs/corgiserver/webapps/test/WEBINF/src/macro.js
[corgiserver] scan packet G:/nodejs/corgiserver/webapps/test/WEBINF/src/table/table.js
[corgiserver] scan packet G:/nodejs/corgiserver/webapps/test/WEBINF/src/test.js
[corgiserver] scan packet G:/nodejs/corgiserver/webapps/test/WEBINF/src/test2.js
[corgiserver] project <test> started
[corgiserver] scan packet G:/nodejs/corgiserver/webapps/todo/WEBINF/src/controller.js
[corgiserver] scan packet G:/nodejs/corgiserver/webapps/todo/WEBINF/src/filter.js
[corgiserver] scan packet G:/nodejs/corgiserver/webapps/todo/WEBINF/src/table.js
[corgiserver] project <todo> started
[corgiserver] scan packet G:/blog/blog/WEBINF/src/controller.js
[corgiserver] scan packet G:/blog/blog/WEBINF/src/model.js
[corgiserver] project <blog> started
[corgiserver] server started,port:8089
[corgiserver] project <doc> started
[corgiserver] project <ROOT> started
[corgiserver] scan packet G:/nodejs/corgiserver/webapps/test/WEBINF/src/base/controller.js
[corgiserver] scan packet G:/nodejs/corgiserver/webapps/test/WEBINF/src/base/ctrl.js
[corgiserver] scan packet G:/nodejs/corgiserver/webapps/test/WEBINF/src/base/filter.js
[corgiserver] scan packet G:/nodejs/corgiserver/webapps/test/WEBINF/src/dao.js
[corgiserver] scan packet G:/nodejs/corgiserver/webapps/test/WEBINF/src/macro.js
[corgiserver] scan packet G:/nodejs/corgiserver/webapps/test/WEBINF/src/table/table.js
[corgiserver] scan packet G:/nodejs/corgiserver/webapps/test/WEBINF/src/test.js
[corgiserver] scan packet G:/nodejs/corgiserver/webapps/test/WEBINF/src/test2.js
[corgiserver] project <test> started
[corgiserver] scan packet G:/nodejs/corgiserver/webapps/todo/WEBINF/src/controller.js
[corgiserver] scan packet G:/nodejs/corgiserver/webapps/todo/WEBINF/src/filter.js
[corgiserver] scan packet G:/nodejs/corgiserver/webapps/todo/WEBINF/src/table.js
[corgiserver] project <todo> started
[corgiserver] scan packet G:/blog/blog/WEBINF/src/controller.js
[corgiserver] scan packet G:/blog/blog/WEBINF/src/model.js
[corgiserver] project <blog> started
[corgiserver] server started,port:8089
[corgiserver] project <doc> started
[corgiserver] project <ROOT> started
[corgiserver] scan packet G:/nodejs/corgiserver/webapps/test/WEBINF/src/base/controller.js
[corgiserver] scan packet G:/nodejs/corgiserver/webapps/test/WEBINF/src/base/ctrl.js
[corgiserver] scan packet G:/nodejs/corgiserver/webapps/test/WEBINF/src/base/filter.js
[corgiserver] scan packet G:/nodejs/corgiserver/webapps/test/WEBINF/src/dao.js
[corgiserver] scan packet G:/nodejs/corgiserver/webapps/test/WEBINF/src/macro.js
[corgiserver] scan packet G:/nodejs/corgiserver/webapps/test/WEBINF/src/table/table.js
[corgiserver] scan packet G:/nodejs/corgiserver/webapps/test/WEBINF/src/test.js
[corgiserver] scan packet G:/nodejs/corgiserver/webapps/test/WEBINF/src/test2.js
[corgiserver] project <test> started
[corgiserver] scan packet G:/nodejs/corgiserver/webapps/todo/WEBINF/src/controller.js
[corgiserver] scan packet G:/nodejs/corgiserver/webapps/todo/WEBINF/src/filter.js
[corgiserver] scan packet G:/nodejs/corgiserver/webapps/todo/WEBINF/src/table.js
[corgiserver] project <todo> started
[corgiserver] scan packet G:/blog/blog/WEBINF/src/controller.js
[corgiserver] scan packet G:/blog/blog/WEBINF/src/model.js
[corgiserver] project <blog> started
[corgiserver] server started,port:8089
[ROOT]==>[defaultPageView]==>[/]
[corgiserver] project <doc> started
[corgiserver] project <ROOT> started
[corgiserver] scan packet G:/nodejs/corgiserver/webapps/test/WEBINF/src/base/controller.js
[corgiserver] scan packet G:/nodejs/corgiserver/webapps/test/WEBINF/src/base/ctrl.js
[corgiserver] scan packet G:/nodejs/corgiserver/webapps/test/WEBINF/src/base/filter.js
[corgiserver] scan packet G:/nodejs/corgiserver/webapps/test/WEBINF/src/dao.js
[corgiserver] scan packet G:/nodejs/corgiserver/webapps/test/WEBINF/src/macro.js
[corgiserver] scan packet G:/nodejs/corgiserver/webapps/test/WEBINF/src/table/table.js
[corgiserver] scan packet G:/nodejs/corgiserver/webapps/test/WEBINF/src/test.js
[corgiserver] scan packet G:/nodejs/corgiserver/webapps/test/WEBINF/src/test2.js
[corgiserver] project <test> started
[corgiserver] scan packet G:/nodejs/corgiserver/webapps/todo/WEBINF/src/controller.js
[corgiserver] scan packet G:/nodejs/corgiserver/webapps/todo/WEBINF/src/filter.js
[corgiserver] scan packet G:/nodejs/corgiserver/webapps/todo/WEBINF/src/table.js
[corgiserver] project <todo> started
[corgiserver] scan packet G:/blog/blog/WEBINF/src/controller.js
[corgiserver] scan packet G:/blog/blog/WEBINF/src/model.js
[corgiserver] project <blog> started
[corgiserver] server started,port:8089
[corgiserver] project <doc> started
[corgiserver] project <ROOT> started
[corgiserver] scan packet G:/nodejs/corgiserver/webapps/test/WEBINF/src/base/controller.js
[corgiserver] scan packet G:/nodejs/corgiserver/webapps/test/WEBINF/src/base/ctrl.js
[corgiserver] scan packet G:/nodejs/corgiserver/webapps/test/WEBINF/src/base/filter.js
[corgiserver] scan packet G:/nodejs/corgiserver/webapps/test/WEBINF/src/dao.js
[corgiserver] scan packet G:/nodejs/corgiserver/webapps/test/WEBINF/src/macro.js
[corgiserver] scan packet G:/nodejs/corgiserver/webapps/test/WEBINF/src/table/table.js
[corgiserver] scan packet G:/nodejs/corgiserver/webapps/test/WEBINF/src/test.js
[corgiserver] scan packet G:/nodejs/corgiserver/webapps/test/WEBINF/src/test2.js
[corgiserver] project <test> started
[corgiserver] scan packet G:/nodejs/corgiserver/webapps/todo/WEBINF/src/controller.js
[corgiserver] scan packet G:/nodejs/corgiserver/webapps/todo/WEBINF/src/filter.js
[corgiserver] scan packet G:/nodejs/corgiserver/webapps/todo/WEBINF/src/table.js
[corgiserver] project <todo> started
[corgiserver] scan packet G:/blog/blog/WEBINF/src/controller.js
[corgiserver] scan packet G:/blog/blog/WEBINF/src/model.js
[corgiserver] project <blog> started
[corgiserver] server started,port:8089
[corgiserver] project <doc> started
[corgiserver] project <ROOT> started
[corgiserver] scan packet G:/nodejs/corgiserver/webapps/test/WEBINF/src/base/controller.js
[corgiserver] scan packet G:/nodejs/corgiserver/webapps/test/WEBINF/src/base/ctrl.js
[corgiserver] scan packet G:/nodejs/corgiserver/webapps/test/WEBINF/src/base/filter.js
[corgiserver] scan packet G:/nodejs/corgiserver/webapps/test/WEBINF/src/dao.js
[corgiserver] scan packet G:/nodejs/corgiserver/webapps/test/WEBINF/src/macro.js
[corgiserver] scan packet G:/nodejs/corgiserver/webapps/test/WEBINF/src/table/table.js
[corgiserver] scan packet G:/nodejs/corgiserver/webapps/test/WEBINF/src/test.js
[corgiserver] scan packet G:/nodejs/corgiserver/webapps/test/WEBINF/src/test2.js
[corgiserver] project <test> started
[corgiserver] scan packet G:/nodejs/corgiserver/webapps/todo/WEBINF/src/controller.js
[corgiserver] scan packet G:/nodejs/corgiserver/webapps/todo/WEBINF/src/filter.js
[corgiserver] scan packet G:/nodejs/corgiserver/webapps/todo/WEBINF/src/table.js
[corgiserver] project <todo> started
[corgiserver] scan packet G:/blog/blog/WEBINF/src/controller.js
[corgiserver] scan packet G:/blog/blog/WEBINF/src/model.js
[corgiserver] project <blog> started
[corgiserver] server started,port:8089
